0 info it worked if it ends with ok
1 verbose cli [ 'C:\\Program Files (x86)\\nodejs\\node.exe',
1 verbose cli   'C:\\Program Files (x86)\\nodejs\\node_modules\\npm\\bin\\npm-cli.js',
1 verbose cli   'init' ]
2 info using npm@1.3.2
3 info using node@v0.10.13
4 error Error: read ENOTCONN
4 error     at errnoException (net.js:901:11)
4 error     at Socket._read (net.js:391:21)
4 error     at Socket.Readable.read (_stream_readable.js:320:10)
4 error     at Socket.read (net.js:293:43)
4 error     at new Socket (net.js:185:10)
4 error     at process.stdin (node.js:660:19)
4 error     at read (C:\Program Files (x86)\nodejs\node_modules\npm\node_modules\read\lib\read.js:18:36)
4 error     at PromZard.prompt (C:\Program Files (x86)\nodejs\node_modules\npm\node_modules\init-package-json\node_modules\promzard\promzard.js:214:3)
4 error     at PromZard.L (C:\Program Files (x86)\nodejs\node_modules\npm\node_modules\init-package-json\node_modules\promzard\promzard.js:177:21)
4 error     at PromZard.walk (C:\Program Files (x86)\nodejs\node_modules\npm\node_modules\init-package-json\node_modules\promzard\promzard.js:146:5)
5 error If you need help, you may report this log at:
5 error     <http://github.com/isaacs/npm/issues>
5 error or email it to:
5 error     <npm-@googlegroups.com>
6 error System Windows_NT 6.2.9200
7 error command "C:\\Program Files (x86)\\nodejs\\node.exe" "C:\\Program Files (x86)\\nodejs\\node_modules\\npm\\bin\\npm-cli.js" "init"
8 error cwd C:\Users\JANAYA-PC\Desktop\MyGit\portfolio
9 error node -v v0.10.13
10 error npm -v 1.3.2
11 error syscall read
12 error code ENOTCONN
13 error errno ENOTCONN
14 verbose exit [ 1, true ]
